{"docName":"worldcupProto","path":"~/Desktop/worldcupProto","relativeImagePath":"images","imagePath":"~/Desktop/worldcupProto/images","framerPath":"~/Desktop/worldcupProto/framer","viewInfoPath":"~/Desktop/worldcupProto/framer/views.worldcupProto.js","logPaths":["/tmp/framerps.log","~/Desktop/worldcupProto/framer/framerps.log"]}

Running for ~/Desktop/worldcupProto
gameSchedule: Exporting image
3PM-2-4: Exporting image
PROGRESS: 10.5263157894737
2PM-2-4: Exporting image
PROGRESS: 12.280701754386
11AM-2-4: Exporting image
PROGRESS: 14.0350877192982
PROGRESS: 14.0350877192982
3PM-2-3: Exporting image
PROGRESS: 17.5438596491228
2PM-2-3: Exporting image
PROGRESS: 19.2982456140351
11AM-2-3: Exporting image
PROGRESS: 21.0526315789474
PROGRESS: 21.0526315789474
3PM-2-2: Exporting image
PROGRESS: 24.5614035087719
2PM-2-2: Exporting image
PROGRESS: 26.3157894736842
11AM-2-2: Exporting image
PROGRESS: 28.0701754385965
PROGRESS: 28.0701754385965
PROGRESS: 35.0877192982456
3PM-3-2: Exporting image
PROGRESS: 38.5964912280702
2PM-3-2: Exporting image
PROGRESS: 40.3508771929825
11AM-3-2: Exporting image
PROGRESS: 42.1052631578947
PROGRESS: 42.1052631578947
PROGRESS: 49.1228070175439
PROGRESS: 56.140350877193
PROGRESS: 56.140350877193
PROGRESS: 56.140350877193
21 views changed
Skipping ~/Desktop/worldcupProto/index.html (exists)
Skipping ~/Desktop/worldcupProto/app.js (exists)
Skipping ~/Desktop/worldcupProto/framer/framer.js (exists)
Skipping ~/Desktop/worldcupProto/framer/framerps.js (exists)

SUCCESS: ~/Desktop/worldcupProto
